# JRE version: Java(TM) SE Runtime Environment (8.0_201-b09) (build 1.8.0_201-b09)
# Java VM: Java HotSpot(TM) 64-Bit Server VM (25.201-b09 mixed mode linux-amd64 compressed oops)
Heap:
 PSYoungGen      total 483328K, used 0K [0x00000000d7100000, 0x00000000fb400000, 0x0000000100000000)
  eden space 476160K, 0% used [0x00000000d7100000,0x00000000d7100000,0x00000000f4200000)
  from space 7168K, 0% used [0x00000000f4200000,0x00000000f4200000,0x00000000f4900000)
  to   space 58368K, 0% used [0x00000000f7b00000,0x00000000f7b00000,0x00000000fb400000)
 ParOldGen       total 432128K, used 429202K [0x0000000085200000, 0x000000009f800000, 0x00000000d7100000)
  object space 432128K, 99% used [0x0000000085200000,0x000000009f524900,0x000000009f800000)
 Metaspace       used 311106K, capacity 326873K, committed 326996K, reserved 1341440K
  class space    used 31176K, capacity 35406K, committed 35412K, reserved 1048576K
GC Heap History (10 events):
Event: 110.673 GC heap after
Heap after GC invocations=150 (full 52):
 PSYoungGen      total 535552K, used 0K [0x00000000d7100000, 0x00000000fbb00000, 0x0000000100000000)
  eden space 476160K, 0% used [0x00000000d7100000,0x00000000d7100000,0x00000000f4200000)
  from space 59392K, 0% used [0x00000000f8100000,0x00000000f8100000,0x00000000fbb00000)
  to   space 61952K, 0% used [0x00000000f4200000,0x00000000f4200000,0x00000000f7e80000)
 ParOldGen       total 432128K, used 428097K [0x0000000085200000, 0x000000009f800000, 0x00000000d7100000)
  object space 432128K, 99% used [0x0000000085200000,0x000000009f410760,0x000000009f800000)
 Metaspace       used 310429K, capacity 325941K, committed 326228K, reserved 1339392K
  class space    used 31096K, capacity 35297K, committed 35412K, reserved 1048576K
}
Event: 111.083 GC heap before
{Heap before GC invocations=151 (full 52):
 PSYoungGen      total 535552K, used 104728K [0x00000000d7100000, 0x00000000fbb00000, 0x0000000100000000)
  eden space 476160K, 21% used [0x00000000d7100000,0x00000000dd746318,0x00000000f4200000)
  from space 59392K, 0% used [0x00000000f8100000,0x00000000f8100000,0x00000000fbb00000)
  to   space 61952K, 0% used [0x00000000f4200000,0x00000000f4200000,0x00000000f7e80000)
 ParOldGen       total 432128K, used 428097K [0x0000000085200000, 0x000000009f800000, 0x00000000d7100000)
  object space 432128K, 99% used [0x0000000085200000,0x000000009f410760,0x000000009f800000)
 Metaspace       used 310899K, capacity 326473K, committed 326740K, reserved 1341440K
  class space    used 31157K, capacity 35375K, committed 35412K, reserved 1048576K
Event: 111.093 GC heap after
Heap after GC invocations=151 (full 52):
 PSYoungGen      total 483328K, used 7143K [0x00000000d7100000, 0x00000000fb400000, 0x0000000100000000)
  eden space 476160K, 0% used [0x00000000d7100000,0x00000000d7100000,0x00000000f4200000)
  from space 7168K, 99% used [0x00000000f4200000,0x00000000f48f9ea8,0x00000000f4900000)
  to   space 58368K, 0% used [0x00000000f7b00000,0x00000000f7b00000,0x00000000fb400000)
 ParOldGen       total 432128K, used 428105K [0x0000000085200000, 0x000000009f800000, 0x00000000d7100000)
  object space 432128K, 99% used [0x0000000085200000,0x000000009f412760,0x000000009f800000)
 Metaspace       used 310899K, capacity 326473K, committed 326740K, reserved 1341440K
  class space    used 31157K, capacity 35375K, committed 35412K, reserved 1048576K
}
Event: 111.093 GC heap before
{Heap before GC invocations=152 (full 53):
 PSYoungGen      total 483328K, used 7143K [0x00000000d7100000, 0x00000000fb400000, 0x0000000100000000)
  eden space 476160K, 0% used [0x00000000d7100000,0x00000000d7100000,0x00000000f4200000)
  from space 7168K, 99% used [0x00000000f4200000,0x00000000f48f9ea8,0x00000000f4900000)
  to   space 58368K, 0% used [0x00000000f7b00000,0x00000000f7b00000,0x00000000fb400000)
 ParOldGen       total 432128K, used 428105K [0x0000000085200000, 0x000000009f800000, 0x00000000d7100000)
  object space 432128K, 99% used [0x0000000085200000,0x000000009f412760,0x000000009f800000)
 Metaspace       used 310899K, capacity 326473K, committed 326740K, reserved 1341440K
  class space    used 31157K, capacity 35375K, committed 35412K, reserved 1048576K
Event: 111.591 GC heap after
Heap after GC invocations=152 (full 53):
 PSYoungGen      total 483328K, used 454K [0x00000000d7100000, 0x00000000fb400000, 0x0000000100000000)
  eden space 476160K, 0% used [0x00000000d7100000,0x00000000d7100000,0x00000000f4200000)
  from space 7168K, 6% used [0x00000000f4200000,0x00000000f4271890,0x00000000f4900000)
  to   space 58368K, 0% used [0x00000000f7b00000,0x00000000f7b00000,0x00000000fb400000)
 ParOldGen       total 432128K, used 432062K [0x0000000085200000, 0x000000009f800000, 0x00000000d7100000)
  object space 432128K, 99% used [0x0000000085200000,0x000000009f7efba0,0x000000009f800000)
 Metaspace       used 310218K, capacity 325573K, committed 326740K, reserved 1341440K
  class space    used 31116K, capacity 35237K, committed 35412K, reserved 1048576K
}
Event: 112.067 GC heap before
{Heap before GC invocations=153 (full 54):
 PSYoungGen      total 483328K, used 86252K [0x00000000d7100000, 0x00000000fb400000, 0x0000000100000000)
  eden space 476160K, 18% used [0x00000000d7100000,0x00000000dc4c9b28,0x00000000f4200000)
  from space 7168K, 6% used [0x00000000f4200000,0x00000000f4271890,0x00000000f4900000)
  to   space 58368K, 0% used [0x00000000f7b00000,0x00000000f7b00000,0x00000000fb400000)
 ParOldGen       total 432128K, used 432062K [0x0000000085200000, 0x000000009f800000, 0x00000000d7100000)
  object space 432128K, 99% used [0x0000000085200000,0x000000009f7efba0,0x000000009f800000)
 Metaspace       used 310973K, capacity 326633K, committed 326740K, reserved 1341440K
  class space    used 31158K, capacity 35374K, committed 35412K, reserved 1048576K
Event: 112.495 GC heap after
Heap after GC invocations=153 (full 54):
 PSYoungGen      total 483328K, used 0K [0x00000000d7100000, 0x00000000fb400000, 0x0000000100000000)
  eden space 476160K, 0% used [0x00000000d7100000,0x00000000d7100000,0x00000000f4200000)
  from space 7168K, 0% used [0x00000000f4200000,0x00000000f4200000,0x00000000f4900000)
  to   space 58368K, 0% used [0x00000000f7b00000,0x00000000f7b00000,0x00000000fb400000)
 ParOldGen       total 432128K, used 431598K [0x0000000085200000, 0x000000009f800000, 0x00000000d7100000)
  object space 432128K, 99% used [0x0000000085200000,0x000000009f77b8e8,0x000000009f800000)
 Metaspace       used 310973K, capacity 326633K, committed 326740K, reserved 1341440K
  class space    used 31158K, capacity 35374K, committed 35412K, reserved 1048576K
}
Event: 112.779 GC heap before
{Heap before GC invocations=154 (full 55):
 PSYoungGen      total 483328K, used 76170K [0x00000000d7100000, 0x00000000fb400000, 0x0000000100000000)
  eden space 476160K, 15% used [0x00000000d7100000,0x00000000dbb62ab0,0x00000000f4200000)
  from space 7168K, 0% used [0x00000000f4200000,0x00000000f4200000,0x00000000f4900000)
  to   space 58368K, 0% used [0x00000000f7b00000,0x00000000f7b00000,0x00000000fb400000)
 ParOldGen       total 432128K, used 431598K [0x0000000085200000, 0x000000009f800000, 0x00000000d7100000)
  object space 432128K, 99% used [0x0000000085200000,0x000000009f77b8e8,0x000000009f800000)
 Metaspace       used 311014K, capacity 326705K, committed 326996K, reserved 1341440K
  class space    used 31158K, capacity 35374K, committed 35412K, reserved 1048576K
Event: 113.202 GC heap after
Heap after GC invocations=154 (full 55):
 PSYoungGen      total 483328K, used 0K [0x00000000d7100000, 0x00000000fb400000, 0x0000000100000000)
  eden space 476160K, 0% used [0x00000000d7100000,0x00000000d7100000,0x00000000f4200000)
  from space 7168K, 0% used [0x00000000f4200000,0x00000000f4200000,0x00000000f4900000)
  to   space 58368K, 0% used [0x00000000f7b00000,0x00000000f7b00000,0x00000000fb400000)
 ParOldGen       total 432128K, used 431964K [0x0000000085200000, 0x000000009f800000, 0x00000000d7100000)
  object space 432128K, 99% used [0x0000000085200000,0x000000009f7d70c0,0x000000009f800000)
 Metaspace       used 311014K, capacity 326705K, committed 326996K, reserved 1341440K
  class space    used 31158K, capacity 35374K, committed 35412K, reserved 1048576K
}
Event: 113.250 GC heap before
{Heap before GC invocations=155 (full 56):
 PSYoungGen      total 483328K, used 476160K [0x00000000d7100000, 0x00000000fb400000, 0x0000000100000000)
  eden space 476160K, 100% used [0x00000000d7100000,0x00000000f4200000,0x00000000f4200000)
  from space 7168K, 0% used [0x00000000f4200000,0x00000000f4200000,0x00000000f4900000)
  to   space 58368K, 0% used [0x00000000f7b00000,0x00000000f7b00000,0x00000000fb400000)
 ParOldGen       total 432128K, used 431964K [0x0000000085200000, 0x000000009f800000, 0x00000000d7100000)
  object space 432128K, 99% used [0x0000000085200000,0x000000009f7d70c0,0x000000009f800000)
 Metaspace       used 311106K, capacity 326873K, committed 326996K, reserved 1341440K
  class space    used 31176K, capacity 35406K, committed 35412K, reserved 1048576K

